0 info it worked if it ends with ok
1 verbose cli [ 'C:\\Program Files\\nodejs\\\\node.exe',
1 verbose cli   'C:\\Program Files\\nodejs\\node_modules\\npm\\bin\\npm-cli.js',
1 verbose cli   'install' ]
2 info using npm@2.11.3
3 info using node@v0.12.7
4 verbose readDependencies loading dependencies from C:\WischWasch\default\package.json
5 warn package.json gae-init@ No description
6 warn package.json gae-init@ No README data
7 warn package.json Dependency 'jquery-stupid-table' exists in both dependencies and devDependencies, using 'jquery-stupid-table@~1' from dependencies
8 verbose install where, deps [ 'C:\\WischWasch\\default',
8 verbose install   [ 'coffee-script',
8 verbose install     'less',
8 verbose install     'uglify-js',
8 verbose install     'jquery-stupid-table',
8 verbose install     'bower',
8 verbose install     'del',
8 verbose install     'gulp',
8 verbose install     'gulp-autoprefixer',
8 verbose install     'gulp-bower',
8 verbose install     'gulp-coffee',
8 verbose install     'gulp-concat',
8 verbose install     'gulp-help',
8 verbose install     'gulp-less',
8 verbose install     'gulp-livereload',
8 verbose install     'gulp-load-plugins',
8 verbose install     'gulp-minify-css',
8 verbose install     'gulp-plumber',
8 verbose install     'gulp-sequence',
8 verbose install     'gulp-size',
8 verbose install     'gulp-sourcemaps',
8 verbose install     'gulp-start',
8 verbose install     'gulp-uglify',
8 verbose install     'gulp-util',
8 verbose install     'gulp-zip',
8 verbose install     'main-bower-files',
8 verbose install     'minimist',
8 verbose install     'require-dir' ] ]
9 verbose install where, peers [ 'C:\\WischWasch\\default', [] ]
10 verbose installManyTop reading for lifecycle C:\WischWasch\default\package.json
11 info preinstall gae-init@
12 verbose unsafe-perm in lifecycle true
13 verbose installManyTop reading scoped package data from C:\WischWasch\default\node_modules\bower\package.json
14 verbose installManyTop reading scoped package data from C:\WischWasch\default\node_modules\coffee-script\package.json
15 verbose installManyTop reading scoped package data from C:\WischWasch\default\node_modules\del\package.json
16 verbose installManyTop reading scoped package data from C:\WischWasch\default\node_modules\gulp\package.json
17 verbose installManyTop reading scoped package data from C:\WischWasch\default\node_modules\gulp-autoprefixer\package.json
18 verbose installManyTop reading scoped package data from C:\WischWasch\default\node_modules\gulp-bower\package.json
19 verbose installManyTop reading scoped package data from C:\WischWasch\default\node_modules\gulp-coffee\package.json
20 verbose installManyTop reading scoped package data from C:\WischWasch\default\node_modules\gulp-concat\package.json
21 verbose installManyTop reading scoped package data from C:\WischWasch\default\node_modules\gulp-help\package.json
22 verbose installManyTop reading scoped package data from C:\WischWasch\default\node_modules\gulp-less\package.json
23 verbose installManyTop reading scoped package data from C:\WischWasch\default\node_modules\gulp-livereload\package.json
24 verbose installManyTop reading scoped package data from C:\WischWasch\default\node_modules\gulp-load-plugins\package.json
25 verbose installManyTop reading scoped package data from C:\WischWasch\default\node_modules\gulp-minify-css\package.json
26 verbose installManyTop reading scoped package data from C:\WischWasch\default\node_modules\gulp-plumber\package.json
27 verbose installManyTop reading scoped package data from C:\WischWasch\default\node_modules\gulp-sequence\package.json
28 verbose installManyTop reading scoped package data from C:\WischWasch\default\node_modules\gulp-size\package.json
29 verbose installManyTop reading scoped package data from C:\WischWasch\default\node_modules\gulp-sourcemaps\package.json
30 verbose installManyTop reading scoped package data from C:\WischWasch\default\node_modules\gulp-start\package.json
31 verbose installManyTop reading scoped package data from C:\WischWasch\default\node_modules\gulp-uglify\package.json
32 verbose installManyTop reading scoped package data from C:\WischWasch\default\node_modules\gulp-util\package.json
33 verbose installManyTop reading scoped package data from C:\WischWasch\default\node_modules\gulp-zip\package.json
34 verbose installManyTop reading scoped package data from C:\WischWasch\default\node_modules\less\package.json
35 verbose installManyTop reading scoped package data from C:\WischWasch\default\node_modules\main-bower-files\package.json
36 verbose installManyTop reading scoped package data from C:\WischWasch\default\node_modules\minimist\package.json
37 verbose installManyTop reading scoped package data from C:\WischWasch\default\node_modules\require-dir\package.json
38 verbose installManyTop reading scoped package data from C:\WischWasch\default\node_modules\uglify-js\package.json
39 info package.json gulp-coffee@2.3.1 No license field.
40 info package.json gulp-minify-css@1.2.3 No repository field.
41 info package.json gulp-sequence@0.4.4 No license field.
42 verbose readDependencies loading dependencies from C:\WischWasch\default\package.json
43 verbose targetResolver reading package data from C:\WischWasch\default\node_modules\bower\package.json
44 verbose targetResolver reading package data from C:\WischWasch\default\node_modules\coffee-script\package.json
45 verbose targetResolver reading package data from C:\WischWasch\default\node_modules\del\package.json
46 verbose targetResolver reading package data from C:\WischWasch\default\node_modules\gulp\package.json
47 verbose targetResolver reading package data from C:\WischWasch\default\node_modules\gulp-autoprefixer\package.json
48 verbose targetResolver reading package data from C:\WischWasch\default\node_modules\gulp-bower\package.json
49 verbose targetResolver reading package data from C:\WischWasch\default\node_modules\gulp-coffee\package.json
50 verbose targetResolver reading package data from C:\WischWasch\default\node_modules\gulp-concat\package.json
51 verbose targetResolver reading package data from C:\WischWasch\default\node_modules\gulp-help\package.json
52 verbose targetResolver reading package data from C:\WischWasch\default\node_modules\gulp-less\package.json
53 verbose targetResolver reading package data from C:\WischWasch\default\node_modules\gulp-livereload\package.json
54 verbose targetResolver reading package data from C:\WischWasch\default\node_modules\gulp-load-plugins\package.json
55 verbose targetResolver reading package data from C:\WischWasch\default\node_modules\gulp-minify-css\package.json
56 verbose targetResolver reading package data from C:\WischWasch\default\node_modules\gulp-plumber\package.json
57 verbose targetResolver reading package data from C:\WischWasch\default\node_modules\gulp-sequence\package.json
58 verbose targetResolver reading package data from C:\WischWasch\default\node_modules\gulp-size\package.json
59 verbose targetResolver reading package data from C:\WischWasch\default\node_modules\gulp-sourcemaps\package.json
60 verbose targetResolver reading package data from C:\WischWasch\default\node_modules\gulp-start\package.json
61 verbose targetResolver reading package data from C:\WischWasch\default\node_modules\gulp-uglify\package.json
62 verbose targetResolver reading package data from C:\WischWasch\default\node_modules\gulp-util\package.json
63 verbose targetResolver reading package data from C:\WischWasch\default\node_modules\gulp-zip\package.json
64 verbose targetResolver reading package data from C:\WischWasch\default\node_modules\less\package.json
65 verbose targetResolver reading package data from C:\WischWasch\default\node_modules\main-bower-files\package.json
66 verbose targetResolver reading package data from C:\WischWasch\default\node_modules\minimist\package.json
67 verbose targetResolver reading package data from C:\WischWasch\default\node_modules\require-dir\package.json
68 verbose targetResolver reading package data from C:\WischWasch\default\node_modules\uglify-js\package.json
69 verbose targetResolver reading package data from C:\WischWasch\default\node_modules\.bin\bower\package.json
70 verbose targetResolver reading package data from C:\WischWasch\default\node_modules\.bin\bower.cmd\package.json
71 verbose targetResolver reading package data from C:\WischWasch\default\node_modules\.bin\cake\package.json
72 verbose targetResolver reading package data from C:\WischWasch\default\node_modules\.bin\cake.cmd\package.json
73 verbose targetResolver reading package data from C:\WischWasch\default\node_modules\.bin\coffee\package.json
74 verbose targetResolver reading package data from C:\WischWasch\default\node_modules\.bin\coffee.cmd\package.json
75 verbose targetResolver reading package data from C:\WischWasch\default\node_modules\.bin\gulp\package.json
76 verbose targetResolver reading package data from C:\WischWasch\default\node_modules\.bin\gulp.cmd\package.json
77 verbose targetResolver reading package data from C:\WischWasch\default\node_modules\.bin\lessc\package.json
78 verbose targetResolver reading package data from C:\WischWasch\default\node_modules\.bin\lessc.cmd\package.json
79 verbose targetResolver reading package data from C:\WischWasch\default\node_modules\.bin\uglifyjs\package.json
80 verbose targetResolver reading package data from C:\WischWasch\default\node_modules\.bin\uglifyjs.cmd\package.json
81 verbose already installed skipping gulp-help@~1 C:\WischWasch\default
82 verbose already installed skipping gulp-less@~3 C:\WischWasch\default
83 verbose already installed skipping gulp-livereload@~3 C:\WischWasch\default
84 verbose already installed skipping gulp-load-plugins@~1 C:\WischWasch\default
85 verbose already installed skipping gulp-minify-css@~1 C:\WischWasch\default
86 verbose already installed skipping gulp-plumber@~1 C:\WischWasch\default
87 verbose already installed skipping gulp-sequence@~0 C:\WischWasch\default
88 verbose already installed skipping gulp-size@~2 C:\WischWasch\default
89 verbose already installed skipping gulp-sourcemaps@~1 C:\WischWasch\default
90 verbose already installed skipping gulp-start@~1 C:\WischWasch\default
91 verbose already installed skipping gulp-uglify@~1 C:\WischWasch\default
92 verbose already installed skipping gulp-util@~3 C:\WischWasch\default
93 verbose already installed skipping gulp-zip@~3 C:\WischWasch\default
94 verbose already installed skipping main-bower-files@~2 C:\WischWasch\default
95 verbose already installed skipping minimist@~1 C:\WischWasch\default
96 verbose already installed skipping require-dir@~0 C:\WischWasch\default
97 verbose already installed skipping coffee-script@~1 C:\WischWasch\default
98 verbose already installed skipping less@~2 C:\WischWasch\default
99 verbose already installed skipping uglify-js@~2 C:\WischWasch\default
100 silly cache add args [ 'jquery-stupid-table@~1', null ]
101 verbose cache add spec jquery-stupid-table@~1
102 silly cache add parsed spec { raw: 'jquery-stupid-table@~1',
102 silly cache add   scope: null,
102 silly cache add   name: 'jquery-stupid-table',
102 silly cache add   rawSpec: '~1',
102 silly cache add   spec: '>=1.0.0 <2.0.0',
102 silly cache add   type: 'range' }
103 silly addNamed jquery-stupid-table@>=1.0.0 <2.0.0
104 verbose addNamed ">=1.0.0 <2.0.0" is a valid semver range for jquery-stupid-table
105 silly addNameRange { name: 'jquery-stupid-table',
105 silly addNameRange   range: '>=1.0.0 <2.0.0',
105 silly addNameRange   hasData: false }
106 silly mapToRegistry name jquery-stupid-table
107 silly mapToRegistry using default registry
108 silly mapToRegistry registry https://registry.npmjs.org/
109 silly mapToRegistry uri https://registry.npmjs.org/jquery-stupid-table
110 verbose addNameRange registry:https://registry.npmjs.org/jquery-stupid-table not in flight; fetching
111 verbose already installed skipping bower@~1 C:\WischWasch\default
112 verbose already installed skipping del@~2 C:\WischWasch\default
113 verbose already installed skipping gulp@~3 C:\WischWasch\default
114 verbose already installed skipping gulp-autoprefixer@~3 C:\WischWasch\default
115 verbose already installed skipping gulp-bower@~0 C:\WischWasch\default
116 verbose already installed skipping gulp-coffee@~2 C:\WischWasch\default
117 verbose request uri https://registry.npmjs.org/jquery-stupid-table
118 verbose request no auth needed
119 info attempt registry request try #1 at 13:28:59
120 verbose request id f8f6cf80f03bff7f
121 http request GET https://registry.npmjs.org/jquery-stupid-table
122 verbose already installed skipping gulp-concat@~2 C:\WischWasch\default
123 http 404 https://registry.npmjs.org/jquery-stupid-table
124 verbose headers { 'content-type': 'application/json',
124 verbose headers   'cache-control': 'max-age=0',
124 verbose headers   'content-length': '2',
124 verbose headers   'accept-ranges': 'bytes',
124 verbose headers   date: 'Wed, 30 Dec 2015 12:28:57 GMT',
124 verbose headers   via: '1.1 varnish',
124 verbose headers   age: '0',
124 verbose headers   connection: 'keep-alive',
124 verbose headers   'x-served-by': 'cache-fra1246-FRA',
124 verbose headers   'x-cache': 'MISS',
124 verbose headers   'x-cache-hits': '0',
124 verbose headers   'x-timer': 'S1451478537.122275,VS0,VE430' }
125 silly get cb [ 404,
125 silly get   { 'content-type': 'application/json',
125 silly get     'cache-control': 'max-age=0',
125 silly get     'content-length': '2',
125 silly get     'accept-ranges': 'bytes',
125 silly get     date: 'Wed, 30 Dec 2015 12:28:57 GMT',
125 silly get     via: '1.1 varnish',
125 silly get     age: '0',
125 silly get     connection: 'keep-alive',
125 silly get     'x-served-by': 'cache-fra1246-FRA',
125 silly get     'x-cache': 'MISS',
125 silly get     'x-cache-hits': '0',
125 silly get     'x-timer': 'S1451478537.122275,VS0,VE430' } ]
126 verbose stack Error: Registry returned 404 for GET on https://registry.npmjs.org/jquery-stupid-table
126 verbose stack     at CachingRegistryClient.<anonymous> (C:\Program Files\nodejs\node_modules\npm\node_modules\npm-registry-client\lib\request.js:239:14)
126 verbose stack     at Request._callback (C:\Program Files\nodejs\node_modules\npm\node_modules\npm-registry-client\lib\request.js:170:14)
126 verbose stack     at Request.self.callback (C:\Program Files\nodejs\node_modules\npm\node_modules\request\request.js:354:22)
126 verbose stack     at Request.emit (events.js:110:17)
126 verbose stack     at Request.<anonymous> (C:\Program Files\nodejs\node_modules\npm\node_modules\request\request.js:1207:14)
126 verbose stack     at Request.emit (events.js:129:20)
126 verbose stack     at IncomingMessage.<anonymous> (C:\Program Files\nodejs\node_modules\npm\node_modules\request\request.js:1153:12)
126 verbose stack     at IncomingMessage.emit (events.js:129:20)
126 verbose stack     at _stream_readable.js:908:16
126 verbose stack     at process._tickCallback (node.js:355:11)
127 verbose statusCode 404
128 verbose pkgid jquery-stupid-table
129 verbose cwd C:\WischWasch\default
130 error Windows_NT 6.3.9600
131 error argv "C:\\Program Files\\nodejs\\\\node.exe" "C:\\Program Files\\nodejs\\node_modules\\npm\\bin\\npm-cli.js" "install"
132 error node v0.12.7
133 error npm  v2.11.3
134 error code E404
135 error 404 Registry returned 404 for GET on https://registry.npmjs.org/jquery-stupid-table
135 error 404
135 error 404 'jquery-stupid-table' is not in the npm registry.
135 error 404 You should bug the author to publish it (or use the name yourself!)
135 error 404 It was specified as a dependency of 'gae-init'
135 error 404
135 error 404 Note that you can also install from a
135 error 404 tarball, folder, http url, or git url.
136 verbose exit [ 1, true ]
